===== SB DIAGNOSTICS 2025-10-09T22:30:39+00:00 =====
pwd: /opt/sb-watchbot
python: /opt/sb-watchbot/.venv/bin/python
Python 3.10.12

== ENV SNAPSHOT ==
DISCORD_WEBHOOK=http********
DATABENTO_API_KEY=db-Y********
SYM=NQZ5********
DATABENTO_API_KEY=db-Y********

== UNIT SETTINGS ==
-- sb-live-fetch.service --
[Service]
WorkingDirectory=/opt/sb-watchbot
EnvironmentFile=/etc/sb-watchbot/env
ExecStart=/bin/bash /opt/sb-watchbot/scripts/live_fetch_nq.sh
-- sb-live.service --
[Service]
WorkingDirectory=/opt/sb-watchbot
EnvironmentFile=/etc/sb-watchbot/env
ExecStart=/opt/sb-watchbot/.venv/bin/python -m sbwatch.app.live_sb --csv /opt/sb-watchbot/live/nq_1m.csv --poll 5 --heartbeat --daily-pings
[Service]
ExecStart=
ExecStart=/opt/sb-watchbot/.venv/bin/sbwatch live run --poll 5 --heartbeat --daily-pings
WorkingDirectory=/opt/sb-watchbot
EnvironmentFile=/opt/sb-watchbot/.env

== SERVICE STATUS ==
active
activating
NRestarts=0

NRestarts=43528

== JOURNAL TAILS ==
Oct 04 01:34:29 griff-sb systemd[1]: sb-live-fetch.service: Scheduled restart job, restart counter is at 425.
Oct 04 01:34:29 griff-sb systemd[1]: Stopped SB Watchbot live data fetch (NQ 1m via Databento).
Oct 04 01:34:29 griff-sb systemd[1]: Started SB Watchbot live data fetch (NQ 1m via Databento).
Oct 04 01:34:30 griff-sb bash[1310518]: mv: 'live/nq_1m.csv' and 'live/nq_1m.csv' are the same file
Oct 04 01:34:30 griff-sb systemd[1]: sb-live-fetch.service: Main process exited, code=exited, status=1/FAILURE
Oct 04 01:34:30 griff-sb systemd[1]: sb-live-fetch.service: Failed with result 'exit-code'.
Oct 04 01:34:32 griff-sb systemd[1]: sb-live-fetch.service: Scheduled restart job, restart counter is at 426.
Oct 04 01:34:32 griff-sb systemd[1]: Stopped SB Watchbot live data fetch (NQ 1m via Databento).
Oct 04 01:34:32 griff-sb systemd[1]: Started SB Watchbot live data fetch (NQ 1m via Databento).
Oct 04 01:34:33 griff-sb bash[1310524]: mv: 'live/nq_1m.csv' and 'live/nq_1m.csv' are the same file
Oct 04 01:34:33 griff-sb systemd[1]: sb-live-fetch.service: Main process exited, code=exited, status=1/FAILURE
Oct 04 01:34:33 griff-sb systemd[1]: sb-live-fetch.service: Failed with result 'exit-code'.
Oct 04 01:34:33 griff-sb systemd[1]: sb-live-fetch.service: Consumed 1.002s CPU time.
Oct 04 01:34:35 griff-sb systemd[1]: sb-live-fetch.service: Scheduled restart job, restart counter is at 427.
Oct 04 01:34:35 griff-sb systemd[1]: Stopped SB Watchbot live data fetch (NQ 1m via Databento).
Oct 04 01:34:35 griff-sb systemd[1]: sb-live-fetch.service: Consumed 1.002s CPU time.
Oct 04 01:34:35 griff-sb systemd[1]: Started SB Watchbot live data fetch (NQ 1m via Databento).
Oct 04 01:34:36 griff-sb bash[1310530]: mv: 'live/nq_1m.csv' and 'live/nq_1m.csv' are the same file
Oct 04 01:34:36 griff-sb systemd[1]: sb-live-fetch.service: Main process exited, code=exited, status=1/FAILURE
Oct 04 01:34:36 griff-sb systemd[1]: sb-live-fetch.service: Failed with result 'exit-code'.
Oct 04 01:34:38 griff-sb systemd[1]: sb-live-fetch.service: Scheduled restart job, restart counter is at 428.
Oct 04 01:34:38 griff-sb systemd[1]: Stopped SB Watchbot live data fetch (NQ 1m via Databento).
Oct 04 01:34:38 griff-sb systemd[1]: Started SB Watchbot live data fetch (NQ 1m via Databento).
Oct 04 01:34:39 griff-sb bash[1310536]: mv: 'live/nq_1m.csv' and 'live/nq_1m.csv' are the same file
Oct 04 01:34:39 griff-sb systemd[1]: sb-live-fetch.service: Main process exited, code=exited, status=1/FAILURE
Oct 04 01:34:39 griff-sb systemd[1]: sb-live-fetch.service: Failed with result 'exit-code'.
Oct 04 01:34:41 griff-sb systemd[1]: sb-live-fetch.service: Scheduled restart job, restart counter is at 429.
Oct 04 01:34:41 griff-sb systemd[1]: Stopped SB Watchbot live data fetch (NQ 1m via Databento).
Oct 04 01:34:41 griff-sb systemd[1]: Started SB Watchbot live data fetch (NQ 1m via Databento).
Oct 04 01:34:42 griff-sb bash[1310542]: mv: 'live/nq_1m.csv' and 'live/nq_1m.csv' are the same file
Oct 04 01:34:42 griff-sb systemd[1]: sb-live-fetch.service: Main process exited, code=exited, status=1/FAILURE
Oct 04 01:34:42 griff-sb systemd[1]: sb-live-fetch.service: Failed with result 'exit-code'.
Oct 04 01:34:44 griff-sb systemd[1]: sb-live-fetch.service: Scheduled restart job, restart counter is at 430.
Oct 04 01:34:44 griff-sb systemd[1]: Stopped SB Watchbot live data fetch (NQ 1m via Databento).
Oct 04 01:34:44 griff-sb systemd[1]: Started SB Watchbot live data fetch (NQ 1m via Databento).
Oct 04 01:34:45 griff-sb bash[1310548]: mv: 'live/nq_1m.csv' and 'live/nq_1m.csv' are the same file
Oct 04 01:34:45 griff-sb systemd[1]: sb-live-fetch.service: Main process exited, code=exited, status=1/FAILURE
Oct 04 01:34:45 griff-sb systemd[1]: sb-live-fetch.service: Failed with result 'exit-code'.
Oct 04 01:34:47 griff-sb systemd[1]: sb-live-fetch.service: Scheduled restart job, restart counter is at 431.
Oct 04 01:34:47 griff-sb systemd[1]: Stopped SB Watchbot live data fetch (NQ 1m via Databento).
Oct 04 01:34:47 griff-sb systemd[1]: Started SB Watchbot live data fetch (NQ 1m via Databento).
Oct 04 01:34:48 griff-sb bash[1310554]: mv: 'live/nq_1m.csv' and 'live/nq_1m.csv' are the same file
Oct 04 01:34:48 griff-sb systemd[1]: sb-live-fetch.service: Main process exited, code=exited, status=1/FAILURE
Oct 04 01:34:48 griff-sb systemd[1]: sb-live-fetch.service: Failed with result 'exit-code'.
Oct 04 01:34:50 griff-sb systemd[1]: sb-live-fetch.service: Scheduled restart job, restart counter is at 432.
Oct 04 01:34:50 griff-sb systemd[1]: Stopped SB Watchbot live data fetch (NQ 1m via Databento).
Oct 04 01:34:50 griff-sb systemd[1]: Started SB Watchbot live data fetch (NQ 1m via Databento).
Oct 04 01:34:51 griff-sb bash[1310560]: mv: 'live/nq_1m.csv' and 'live/nq_1m.csv' are the same file
Oct 04 01:34:51 griff-sb systemd[1]: sb-live-fetch.service: Main process exited, code=exited, status=1/FAILURE
Oct 04 01:34:51 griff-sb systemd[1]: sb-live-fetch.service: Failed with result 'exit-code'.
Oct 04 01:34:53 griff-sb systemd[1]: sb-live-fetch.service: Scheduled restart job, restart counter is at 433.
Oct 04 01:34:53 griff-sb systemd[1]: Stopped SB Watchbot live data fetch (NQ 1m via Databento).
Oct 04 01:34:53 griff-sb systemd[1]: Started SB Watchbot live data fetch (NQ 1m via Databento).
Oct 04 01:34:54 griff-sb bash[1310566]: mv: 'live/nq_1m.csv' and 'live/nq_1m.csv' are the same file
Oct 04 01:34:54 griff-sb systemd[1]: sb-live-fetch.service: Main process exited, code=exited, status=1/FAILURE
Oct 04 01:34:54 griff-sb systemd[1]: sb-live-fetch.service: Failed with result 'exit-code'.
Oct 04 01:34:56 griff-sb systemd[1]: sb-live-fetch.service: Scheduled restart job, restart counter is at 434.
Oct 04 01:34:56 griff-sb systemd[1]: Stopped SB Watchbot live data fetch (NQ 1m via Databento).
Oct 04 01:34:56 griff-sb systemd[1]: Started SB Watchbot live data fetch (NQ 1m via Databento).
Oct 04 01:34:57 griff-sb bash[1310572]: mv: 'live/nq_1m.csv' and 'live/nq_1m.csv' are the same file
Oct 04 01:34:57 griff-sb systemd[1]: sb-live-fetch.service: Main process exited, code=exited, status=1/FAILURE
Oct 04 01:34:57 griff-sb systemd[1]: sb-live-fetch.service: Failed with result 'exit-code'.
Oct 04 01:34:59 griff-sb systemd[1]: sb-live-fetch.service: Scheduled restart job, restart counter is at 435.
Oct 04 01:34:59 griff-sb systemd[1]: Stopped SB Watchbot live data fetch (NQ 1m via Databento).
Oct 04 01:34:59 griff-sb systemd[1]: Started SB Watchbot live data fetch (NQ 1m via Databento).
Oct 04 01:35:00 griff-sb bash[1310578]: mv: 'live/nq_1m.csv' and 'live/nq_1m.csv' are the same file
Oct 04 01:35:00 griff-sb systemd[1]: sb-live-fetch.service: Main process exited, code=exited, status=1/FAILURE
Oct 04 01:35:00 griff-sb systemd[1]: sb-live-fetch.service: Failed with result 'exit-code'.
Oct 04 01:35:02 griff-sb systemd[1]: sb-live-fetch.service: Scheduled restart job, restart counter is at 436.
Oct 04 01:35:02 griff-sb systemd[1]: Stopped SB Watchbot live data fetch (NQ 1m via Databento).
Oct 04 01:35:02 griff-sb systemd[1]: Started SB Watchbot live data fetch (NQ 1m via Databento).
Oct 04 01:35:03 griff-sb bash[1310584]: mv: 'live/nq_1m.csv' and 'live/nq_1m.csv' are the same file
Oct 04 01:35:03 griff-sb systemd[1]: sb-live-fetch.service: Main process exited, code=exited, status=1/FAILURE
Oct 04 01:35:03 griff-sb systemd[1]: sb-live-fetch.service: Failed with result 'exit-code'.
Oct 04 01:35:03 griff-sb systemd[1]: sb-live-fetch.service: Consumed 1.054s CPU time.
Oct 04 01:35:06 griff-sb systemd[1]: sb-live-fetch.service: Scheduled restart job, restart counter is at 437.
Oct 04 01:35:06 griff-sb systemd[1]: Stopped SB Watchbot live data fetch (NQ 1m via Databento).
Oct 04 01:35:06 griff-sb systemd[1]: sb-live-fetch.service: Consumed 1.054s CPU time.
Oct 04 01:35:06 griff-sb systemd[1]: Started SB Watchbot live data fetch (NQ 1m via Databento).
Oct 04 01:35:06 griff-sb bash[1310590]: mv: 'live/nq_1m.csv' and 'live/nq_1m.csv' are the same file
Oct 04 01:35:06 griff-sb systemd[1]: sb-live-fetch.service: Main process exited, code=exited, status=1/FAILURE
Oct 04 01:35:06 griff-sb systemd[1]: sb-live-fetch.service: Failed with result 'exit-code'.
Oct 04 01:35:09 griff-sb systemd[1]: sb-live-fetch.service: Scheduled restart job, restart counter is at 438.
Oct 04 01:35:09 griff-sb systemd[1]: Stopped SB Watchbot live data fetch (NQ 1m via Databento).
Oct 04 01:35:09 griff-sb systemd[1]: Started SB Watchbot live data fetch (NQ 1m via Databento).
Oct 04 01:35:09 griff-sb bash[1310596]: mv: 'live/nq_1m.csv' and 'live/nq_1m.csv' are the same file
Oct 04 01:35:09 griff-sb systemd[1]: sb-live-fetch.service: Main process exited, code=exited, status=1/FAILURE
Oct 04 01:35:09 griff-sb systemd[1]: sb-live-fetch.service: Failed with result 'exit-code'.
Oct 04 01:35:12 griff-sb systemd[1]: sb-live-fetch.service: Scheduled restart job, restart counter is at 439.
Oct 04 01:35:12 griff-sb systemd[1]: Stopped SB Watchbot live data fetch (NQ 1m via Databento).
Oct 04 01:35:12 griff-sb systemd[1]: Started SB Watchbot live data fetch (NQ 1m via Databento).
Oct 04 01:35:12 griff-sb bash[1310602]: mv: 'live/nq_1m.csv' and 'live/nq_1m.csv' are the same file
Oct 04 01:35:12 griff-sb systemd[1]: sb-live-fetch.service: Main process exited, code=exited, status=1/FAILURE
Oct 04 01:35:12 griff-sb systemd[1]: sb-live-fetch.service: Failed with result 'exit-code'.
Oct 04 01:35:15 griff-sb systemd[1]: sb-live-fetch.service: Scheduled restart job, restart counter is at 440.
Oct 04 01:35:15 griff-sb systemd[1]: Stopped SB Watchbot live data fetch (NQ 1m via Databento).
Oct 04 01:35:15 griff-sb systemd[1]: Started SB Watchbot live data fetch (NQ 1m via Databento).
Oct 04 01:35:15 griff-sb bash[1310608]: mv: 'live/nq_1m.csv' and 'live/nq_1m.csv' are the same file
Oct 04 01:35:15 griff-sb systemd[1]: sb-live-fetch.service: Main process exited, code=exited, status=1/FAILURE
Oct 04 01:35:15 griff-sb systemd[1]: sb-live-fetch.service: Failed with result 'exit-code'.
Oct 04 01:35:18 griff-sb systemd[1]: sb-live-fetch.service: Scheduled restart job, restart counter is at 441.
Oct 04 01:35:18 griff-sb systemd[1]: Stopped SB Watchbot live data fetch (NQ 1m via Databento).
Oct 04 01:35:18 griff-sb systemd[1]: Started SB Watchbot live data fetch (NQ 1m via Databento).
Oct 04 01:35:18 griff-sb bash[1310614]: mv: 'live/nq_1m.csv' and 'live/nq_1m.csv' are the same file
Oct 04 01:35:18 griff-sb systemd[1]: sb-live-fetch.service: Main process exited, code=exited, status=1/FAILURE
Oct 04 01:35:18 griff-sb systemd[1]: sb-live-fetch.service: Failed with result 'exit-code'.
Oct 04 01:35:21 griff-sb systemd[1]: sb-live-fetch.service: Scheduled restart job, restart counter is at 442.
Oct 04 01:35:21 griff-sb systemd[1]: Stopped SB Watchbot live data fetch (NQ 1m via Databento).
Oct 04 01:35:21 griff-sb systemd[1]: Started SB Watchbot live data fetch (NQ 1m via Databento).
Oct 04 01:35:21 griff-sb bash[1310620]: mv: 'live/nq_1m.csv' and 'live/nq_1m.csv' are the same file
Oct 04 01:35:21 griff-sb systemd[1]: sb-live-fetch.service: Main process exited, code=exited, status=1/FAILURE
Oct 04 01:35:21 griff-sb systemd[1]: sb-live-fetch.service: Failed with result 'exit-code'.
Oct 04 01:35:23 griff-sb systemd[1]: sb-live-fetch.service: Scheduled restart job, restart counter is at 443.
Oct 04 01:35:23 griff-sb systemd[1]: Stopped SB Watchbot live data fetch (NQ 1m via Databento).
Oct 04 01:35:23 griff-sb systemd[1]: Started SB Watchbot live data fetch (NQ 1m via Databento).
Oct 07 00:09:13 griff-sb systemd[1]: Stopping SB Watchbot live data fetch (Databento 1m)...
Oct 07 00:09:13 griff-sb systemd[1]: sb-live-fetch.service: Deactivated successfully.
Oct 07 00:09:13 griff-sb systemd[1]: Stopped SB Watchbot live data fetch (Databento 1m).
Oct 07 00:09:13 griff-sb systemd[1]: sb-live-fetch.service: Consumed 4min 15.262s CPU time.
Oct 07 00:24:07 griff-sb systemd[1]: Started SB Watchbot live data fetch (Databento 1m).
Oct 09 22:30:03 griff-sb systemd[1]: sb-live.service: Scheduled restart job, restart counter is at 43519.
Oct 09 22:30:03 griff-sb systemd[1]: Stopped SB Watchbot ICT Silver Bullet live.
Oct 09 22:30:03 griff-sb systemd[1]: sb-live.service: Consumed 1.415s CPU time.
Oct 09 22:30:03 griff-sb systemd[1]: Started SB Watchbot ICT Silver Bullet live.
Oct 09 22:30:04 griff-sb sbwatch[1789689]: Usage: sbwatch live run [OPTIONS]
Oct 09 22:30:04 griff-sb sbwatch[1789689]: Try 'sbwatch live run --help' for help.
Oct 09 22:30:04 griff-sb sbwatch[1789689]: ╭─ Error ──────────────────────────────────────────────────────────────────────╮
Oct 09 22:30:04 griff-sb sbwatch[1789689]: │ No such option: --poll                                                       │
Oct 09 22:30:04 griff-sb sbwatch[1789689]: ╰──────────────────────────────────────────────────────────────────────────────╯
Oct 09 22:30:05 griff-sb systemd[1]: sb-live.service: Main process exited, code=exited, status=2/INVALIDARGUMENT
Oct 09 22:30:05 griff-sb systemd[1]: sb-live.service: Failed with result 'exit-code'.
Oct 09 22:30:05 griff-sb systemd[1]: sb-live.service: Consumed 1.978s CPU time.
Oct 09 22:30:07 griff-sb systemd[1]: sb-live.service: Scheduled restart job, restart counter is at 43520.
Oct 09 22:30:07 griff-sb systemd[1]: Stopped SB Watchbot ICT Silver Bullet live.
Oct 09 22:30:07 griff-sb systemd[1]: sb-live.service: Consumed 1.978s CPU time.
Oct 09 22:30:07 griff-sb systemd[1]: Started SB Watchbot ICT Silver Bullet live.
Oct 09 22:30:08 griff-sb sbwatch[1789696]: Usage: sbwatch live run [OPTIONS]
Oct 09 22:30:08 griff-sb sbwatch[1789696]: Try 'sbwatch live run --help' for help.
Oct 09 22:30:08 griff-sb sbwatch[1789696]: ╭─ Error ──────────────────────────────────────────────────────────────────────╮
Oct 09 22:30:08 griff-sb sbwatch[1789696]: │ No such option: --poll                                                       │
Oct 09 22:30:08 griff-sb sbwatch[1789696]: ╰──────────────────────────────────────────────────────────────────────────────╯
Oct 09 22:30:08 griff-sb systemd[1]: sb-live.service: Main process exited, code=exited, status=2/INVALIDARGUMENT
Oct 09 22:30:08 griff-sb systemd[1]: sb-live.service: Failed with result 'exit-code'.
Oct 09 22:30:08 griff-sb systemd[1]: sb-live.service: Consumed 1.600s CPU time.
Oct 09 22:30:11 griff-sb systemd[1]: sb-live.service: Scheduled restart job, restart counter is at 43521.
Oct 09 22:30:11 griff-sb systemd[1]: Stopped SB Watchbot ICT Silver Bullet live.
Oct 09 22:30:11 griff-sb systemd[1]: sb-live.service: Consumed 1.600s CPU time.
Oct 09 22:30:11 griff-sb systemd[1]: Started SB Watchbot ICT Silver Bullet live.
Oct 09 22:30:12 griff-sb sbwatch[1789701]: Usage: sbwatch live run [OPTIONS]
Oct 09 22:30:12 griff-sb sbwatch[1789701]: Try 'sbwatch live run --help' for help.
Oct 09 22:30:12 griff-sb sbwatch[1789701]: ╭─ Error ──────────────────────────────────────────────────────────────────────╮
Oct 09 22:30:12 griff-sb sbwatch[1789701]: │ No such option: --poll                                                       │
Oct 09 22:30:12 griff-sb sbwatch[1789701]: ╰──────────────────────────────────────────────────────────────────────────────╯
Oct 09 22:30:12 griff-sb systemd[1]: sb-live.service: Main process exited, code=exited, status=2/INVALIDARGUMENT
Oct 09 22:30:12 griff-sb systemd[1]: sb-live.service: Failed with result 'exit-code'.
Oct 09 22:30:12 griff-sb systemd[1]: sb-live.service: Consumed 1.529s CPU time.
Oct 09 22:30:14 griff-sb systemd[1]: sb-live.service: Scheduled restart job, restart counter is at 43522.
Oct 09 22:30:14 griff-sb systemd[1]: Stopped SB Watchbot ICT Silver Bullet live.
Oct 09 22:30:14 griff-sb systemd[1]: sb-live.service: Consumed 1.529s CPU time.
Oct 09 22:30:14 griff-sb systemd[1]: Started SB Watchbot ICT Silver Bullet live.
Oct 09 22:30:16 griff-sb sbwatch[1789706]: Usage: sbwatch live run [OPTIONS]
Oct 09 22:30:16 griff-sb sbwatch[1789706]: Try 'sbwatch live run --help' for help.
Oct 09 22:30:16 griff-sb sbwatch[1789706]: ╭─ Error ──────────────────────────────────────────────────────────────────────╮
Oct 09 22:30:16 griff-sb sbwatch[1789706]: │ No such option: --poll                                                       │
Oct 09 22:30:16 griff-sb sbwatch[1789706]: ╰──────────────────────────────────────────────────────────────────────────────╯
Oct 09 22:30:16 griff-sb systemd[1]: sb-live.service: Main process exited, code=exited, status=2/INVALIDARGUMENT
Oct 09 22:30:16 griff-sb systemd[1]: sb-live.service: Failed with result 'exit-code'.
Oct 09 22:30:16 griff-sb systemd[1]: sb-live.service: Consumed 1.676s CPU time.
Oct 09 22:30:18 griff-sb systemd[1]: sb-live.service: Scheduled restart job, restart counter is at 43523.
Oct 09 22:30:18 griff-sb systemd[1]: Stopped SB Watchbot ICT Silver Bullet live.
Oct 09 22:30:18 griff-sb systemd[1]: sb-live.service: Consumed 1.676s CPU time.
Oct 09 22:30:18 griff-sb systemd[1]: Started SB Watchbot ICT Silver Bullet live.
Oct 09 22:30:19 griff-sb sbwatch[1789723]: Usage: sbwatch live run [OPTIONS]
Oct 09 22:30:19 griff-sb sbwatch[1789723]: Try 'sbwatch live run --help' for help.
Oct 09 22:30:19 griff-sb sbwatch[1789723]: ╭─ Error ──────────────────────────────────────────────────────────────────────╮
Oct 09 22:30:19 griff-sb sbwatch[1789723]: │ No such option: --poll                                                       │
Oct 09 22:30:19 griff-sb sbwatch[1789723]: ╰──────────────────────────────────────────────────────────────────────────────╯
Oct 09 22:30:19 griff-sb systemd[1]: sb-live.service: Main process exited, code=exited, status=2/INVALIDARGUMENT
Oct 09 22:30:19 griff-sb systemd[1]: sb-live.service: Failed with result 'exit-code'.
Oct 09 22:30:19 griff-sb systemd[1]: sb-live.service: Consumed 1.332s CPU time.
Oct 09 22:30:22 griff-sb systemd[1]: sb-live.service: Scheduled restart job, restart counter is at 43524.
Oct 09 22:30:22 griff-sb systemd[1]: Stopped SB Watchbot ICT Silver Bullet live.
Oct 09 22:30:22 griff-sb systemd[1]: sb-live.service: Consumed 1.332s CPU time.
Oct 09 22:30:22 griff-sb systemd[1]: Started SB Watchbot ICT Silver Bullet live.
Oct 09 22:30:23 griff-sb sbwatch[1789728]: Usage: sbwatch live run [OPTIONS]
Oct 09 22:30:23 griff-sb sbwatch[1789728]: Try 'sbwatch live run --help' for help.
Oct 09 22:30:23 griff-sb sbwatch[1789728]: ╭─ Error ──────────────────────────────────────────────────────────────────────╮
Oct 09 22:30:23 griff-sb sbwatch[1789728]: │ No such option: --poll                                                       │
Oct 09 22:30:23 griff-sb sbwatch[1789728]: ╰──────────────────────────────────────────────────────────────────────────────╯
Oct 09 22:30:23 griff-sb systemd[1]: sb-live.service: Main process exited, code=exited, status=2/INVALIDARGUMENT
Oct 09 22:30:23 griff-sb systemd[1]: sb-live.service: Failed with result 'exit-code'.
Oct 09 22:30:23 griff-sb systemd[1]: sb-live.service: Consumed 1.483s CPU time.
Oct 09 22:30:25 griff-sb systemd[1]: sb-live.service: Scheduled restart job, restart counter is at 43525.
Oct 09 22:30:25 griff-sb systemd[1]: Stopped SB Watchbot ICT Silver Bullet live.
Oct 09 22:30:25 griff-sb systemd[1]: sb-live.service: Consumed 1.483s CPU time.
Oct 09 22:30:25 griff-sb systemd[1]: Started SB Watchbot ICT Silver Bullet live.
Oct 09 22:30:26 griff-sb sbwatch[1789733]: Usage: sbwatch live run [OPTIONS]
Oct 09 22:30:26 griff-sb sbwatch[1789733]: Try 'sbwatch live run --help' for help.
Oct 09 22:30:26 griff-sb sbwatch[1789733]: ╭─ Error ──────────────────────────────────────────────────────────────────────╮
Oct 09 22:30:26 griff-sb sbwatch[1789733]: │ No such option: --poll                                                       │
Oct 09 22:30:26 griff-sb sbwatch[1789733]: ╰──────────────────────────────────────────────────────────────────────────────╯
Oct 09 22:30:27 griff-sb systemd[1]: sb-live.service: Main process exited, code=exited, status=2/INVALIDARGUMENT
Oct 09 22:30:27 griff-sb systemd[1]: sb-live.service: Failed with result 'exit-code'.
Oct 09 22:30:27 griff-sb systemd[1]: sb-live.service: Consumed 1.385s CPU time.
Oct 09 22:30:29 griff-sb systemd[1]: sb-live.service: Scheduled restart job, restart counter is at 43526.
Oct 09 22:30:29 griff-sb systemd[1]: Stopped SB Watchbot ICT Silver Bullet live.
Oct 09 22:30:29 griff-sb systemd[1]: sb-live.service: Consumed 1.385s CPU time.
Oct 09 22:30:29 griff-sb systemd[1]: Started SB Watchbot ICT Silver Bullet live.
Oct 09 22:30:30 griff-sb sbwatch[1789738]: Usage: sbwatch live run [OPTIONS]
Oct 09 22:30:30 griff-sb sbwatch[1789738]: Try 'sbwatch live run --help' for help.
Oct 09 22:30:30 griff-sb sbwatch[1789738]: ╭─ Error ──────────────────────────────────────────────────────────────────────╮
Oct 09 22:30:30 griff-sb sbwatch[1789738]: │ No such option: --poll                                                       │
Oct 09 22:30:30 griff-sb sbwatch[1789738]: ╰──────────────────────────────────────────────────────────────────────────────╯
Oct 09 22:30:30 griff-sb systemd[1]: sb-live.service: Main process exited, code=exited, status=2/INVALIDARGUMENT
Oct 09 22:30:30 griff-sb systemd[1]: sb-live.service: Failed with result 'exit-code'.
Oct 09 22:30:30 griff-sb systemd[1]: sb-live.service: Consumed 1.524s CPU time.
Oct 09 22:30:33 griff-sb systemd[1]: sb-live.service: Scheduled restart job, restart counter is at 43527.
Oct 09 22:30:33 griff-sb systemd[1]: Stopped SB Watchbot ICT Silver Bullet live.
Oct 09 22:30:33 griff-sb systemd[1]: sb-live.service: Consumed 1.524s CPU time.
Oct 09 22:30:33 griff-sb systemd[1]: Started SB Watchbot ICT Silver Bullet live.
Oct 09 22:30:34 griff-sb sbwatch[1789744]: Usage: sbwatch live run [OPTIONS]
Oct 09 22:30:34 griff-sb sbwatch[1789744]: Try 'sbwatch live run --help' for help.
Oct 09 22:30:34 griff-sb sbwatch[1789744]: ╭─ Error ──────────────────────────────────────────────────────────────────────╮
Oct 09 22:30:34 griff-sb sbwatch[1789744]: │ No such option: --poll                                                       │
Oct 09 22:30:34 griff-sb sbwatch[1789744]: ╰──────────────────────────────────────────────────────────────────────────────╯
Oct 09 22:30:34 griff-sb systemd[1]: sb-live.service: Main process exited, code=exited, status=2/INVALIDARGUMENT
Oct 09 22:30:34 griff-sb systemd[1]: sb-live.service: Failed with result 'exit-code'.
Oct 09 22:30:34 griff-sb systemd[1]: sb-live.service: Consumed 1.603s CPU time.
Oct 09 22:30:36 griff-sb systemd[1]: sb-live.service: Scheduled restart job, restart counter is at 43528.
Oct 09 22:30:36 griff-sb systemd[1]: Stopped SB Watchbot ICT Silver Bullet live.
Oct 09 22:30:36 griff-sb systemd[1]: sb-live.service: Consumed 1.603s CPU time.
Oct 09 22:30:36 griff-sb systemd[1]: Started SB Watchbot ICT Silver Bullet live.
Oct 09 22:30:38 griff-sb sbwatch[1789749]: Usage: sbwatch live run [OPTIONS]
Oct 09 22:30:38 griff-sb sbwatch[1789749]: Try 'sbwatch live run --help' for help.
Oct 09 22:30:38 griff-sb sbwatch[1789749]: ╭─ Error ──────────────────────────────────────────────────────────────────────╮
Oct 09 22:30:38 griff-sb sbwatch[1789749]: │ No such option: --poll                                                       │
Oct 09 22:30:38 griff-sb sbwatch[1789749]: ╰──────────────────────────────────────────────────────────────────────────────╯
Oct 09 22:30:38 griff-sb systemd[1]: sb-live.service: Main process exited, code=exited, status=2/INVALIDARGUMENT
Oct 09 22:30:38 griff-sb systemd[1]: sb-live.service: Failed with result 'exit-code'.
Oct 09 22:30:38 griff-sb systemd[1]: sb-live.service: Consumed 1.539s CPU time.

== CSV SANITY ==
CSV exists: live/nq_1m.csv lines=4385
2025-10-09T22:27:00+0000,25298.25,25299.0,25297.75,25299.0,26
2025-10-09T22:28:00+0000,25299.0,25299.25,25296.75,25299.0,36
2025-10-09T22:29:00+0000,25298.25,25298.75,25297.75,25298.75,16
Last TS: 2025-10-09T22:29:00+0000 (age 99s)
Last close: 25298.75
PRICE_OK
FRESH_OK

== ONE-SHOT STRATEGY ==
usage: live_sb.py [-h] --csv CSV [--poll POLL] [--heartbeat] [--daily-pings]
                  [--ignore-clock] [--demo-alert]
live_sb.py: error: unrecognized arguments: --once
LIVE_SB_FAIL

== SUMMARY ==
