nohup: ignoring input
Traceback (most recent call last):
  File "/opt/sb-watchbot/src/sbwatch/data/db_fetch.py", line 115, in fetch_live_loop
    df = fetch_range(start, end)
  File "/opt/sb-watchbot/src/sbwatch/data/db_fetch.py", line 89, in fetch_range
    df = client.timeseries.get_range(
  File "/opt/sb-watchbot/.venv/lib/python3.10/site-packages/databento/historical/api/timeseries.py", line 125, in get_range
    return self._stream(
  File "/opt/sb-watchbot/.venv/lib/python3.10/site-packages/databento/common/http.py", line 134, in _stream
    check_http_error(response)
  File "/opt/sb-watchbot/.venv/lib/python3.10/site-packages/databento/common/http.py", line 249, in check_http_error
    raise BentoClientError(
databento.common.error.BentoClientError: 422 data_start_after_available_end
`start` in query ('2025-10-01 03:58:00+00:00') was after the available end of dataset GLBX.MDP3 ('2025-10-01 03:50:00+00:00'). Try requesting with an earlier `start`.
documentation: https://databento.com/docs/api-reference-historical/basics/datasets

During handling of the above exception, another exception occurred:

Traceback (most recent call last):
  File "/usr/lib/python3.10/runpy.py", line 196, in _run_module_as_main
    return _run_code(code, main_globals, None,
  File "/usr/lib/python3.10/runpy.py", line 86, in _run_code
    exec(code, run_globals)
  File "/opt/sb-watchbot/src/sbwatch/app/live_watch.py", line 4, in <module>
    fetch_live_loop()
  File "/opt/sb-watchbot/src/sbwatch/data/db_fetch.py", line 122, in fetch_live_loop
    df = fetch_range(start, end)
  File "/opt/sb-watchbot/src/sbwatch/data/db_fetch.py", line 89, in fetch_range
    df = client.timeseries.get_range(
  File "/opt/sb-watchbot/.venv/lib/python3.10/site-packages/databento/historical/api/timeseries.py", line 125, in get_range
    return self._stream(
  File "/opt/sb-watchbot/.venv/lib/python3.10/site-packages/databento/common/http.py", line 134, in _stream
    check_http_error(response)
  File "/opt/sb-watchbot/.venv/lib/python3.10/site-packages/databento/common/http.py", line 249, in check_http_error
    raise BentoClientError(
databento.common.error.BentoClientError: 422 data_start_after_available_end
`start` in query ('2025-10-01 03:56:00+00:00') was after the available end of dataset GLBX.MDP3 ('2025-10-01 03:50:00+00:00'). Try requesting with an earlier `start`.
documentation: https://databento.com/docs/api-reference-historical/basics/datasets
Live watch → GLBX.MDP3/ohlcv-1m NQZ5
2025-09-30 19:59:00+00:00  O:24903.5  H:24913.25  L:24892.0  C:24898.25  V:12088
