2025-10-07 00:20:03 UTC | Starting live stream; dataset=GLBX.MDP3 schema=ohlcv-1m sym= NQZ5
2025-10-07 00:20:04 UTC | PKT SystemMsg rtype= SYSTEM
2025-10-07 00:20:04 UTC | PKT SymbolMappingMsg rtype= SYMBOL_MAPPING
2025-10-07 00:20:34 UTC | PKT SystemMsg rtype= SYSTEM
2025-10-07 00:21:00 UTC | PKT OHLCVMsg rtype= OHLCV_1M
2025-10-07 00:21:00 UTC | PKT SystemMsg rtype= SYSTEM
2025-10-07 00:21:30 UTC | PKT SystemMsg rtype= SYSTEM
2025-10-07 00:22:00 UTC | PKT OHLCVMsg rtype= OHLCV_1M
2025-10-07 00:22:00 UTC | PKT SystemMsg rtype= SYSTEM
2025-10-07 00:22:30 UTC | PKT SystemMsg rtype= SYSTEM
2025-10-07 00:23:00 UTC | PKT OHLCVMsg rtype= OHLCV_1M
2025-10-07 00:23:00 UTC | PKT SystemMsg rtype= SYSTEM
2025-10-07 00:23:30 UTC | PKT SystemMsg rtype= SYSTEM
2025-10-07 00:24:00 UTC | PKT OHLCVMsg rtype= OHLCV_1M
2025-10-07 00:24:00 UTC | PKT SystemMsg rtype= SYSTEM
2025-10-07 00:24:05 UTC | Starting live stream; dataset=GLBX.MDP3 schema=ohlcv-1m sym= CME.NQZ5
2025-10-07 00:24:05 UTC | PKT ErrorMsg rtype= ERROR
2025-10-07 00:24:09 UTC | Starting live stream; dataset=GLBX.MDP3 schema=ohlcv-1m sym= CME.NQZ5
2025-10-07 00:24:09 UTC | PKT ErrorMsg rtype= ERROR
2025-10-07 00:24:13 UTC | Starting live stream; dataset=GLBX.MDP3 schema=ohlcv-1m sym= CME.NQZ5
2025-10-07 00:24:13 UTC | PKT ErrorMsg rtype= ERROR
2025-10-07 00:24:17 UTC | Starting live stream; dataset=GLBX.MDP3 schema=ohlcv-1m sym= CME.NQZ5
2025-10-07 00:24:17 UTC | PKT ErrorMsg rtype= ERROR
2025-10-07 00:24:21 UTC | Starting live stream; dataset=GLBX.MDP3 schema=ohlcv-1m sym= CME.NQZ5
2025-10-07 00:24:22 UTC | PKT ErrorMsg rtype= ERROR
2025-10-07 00:24:25 UTC | Starting live stream; dataset=GLBX.MDP3 schema=ohlcv-1m sym= CME.NQZ5
2025-10-07 00:24:26 UTC | PKT ErrorMsg rtype= ERROR
2025-10-07 00:24:30 UTC | Starting live stream; dataset=GLBX.MDP3 schema=ohlcv-1m sym= CME.NQZ5
2025-10-07 00:24:31 UTC | PKT ErrorMsg rtype= ERROR
2025-10-07 00:24:34 UTC | Starting live stream; dataset=GLBX.MDP3 schema=ohlcv-1m sym= CME.NQZ5
2025-10-07 00:24:35 UTC | PKT ErrorMsg rtype= ERROR
2025-10-07 00:24:38 UTC | Starting live stream; dataset=GLBX.MDP3 schema=ohlcv-1m sym= CME.NQZ5
2025-10-07 00:24:39 UTC | PKT ErrorMsg rtype= ERROR
2025-10-07 00:24:42 UTC | Starting live stream; dataset=GLBX.MDP3 schema=ohlcv-1m sym= CME.NQZ5
2025-10-07 00:24:43 UTC | PKT ErrorMsg rtype= ERROR
2025-10-07 00:24:47 UTC | Starting live stream; dataset=GLBX.MDP3 schema=ohlcv-1m sym= CME.NQZ5
2025-10-07 00:24:47 UTC | PKT ErrorMsg rtype= ERROR
2025-10-07 00:24:51 UTC | Starting live stream; dataset=GLBX.MDP3 schema=ohlcv-1m sym= CME.NQZ5
2025-10-07 00:24:51 UTC | PKT ErrorMsg rtype= ERROR
2025-10-07 00:24:55 UTC | Starting live stream; dataset=GLBX.MDP3 schema=ohlcv-1m sym= CME.NQZ5
2025-10-07 00:24:55 UTC | PKT ErrorMsg rtype= ERROR
2025-10-07 00:24:59 UTC | Starting live stream; dataset=GLBX.MDP3 schema=ohlcv-1m sym= CME.NQZ5
2025-10-07 00:24:59 UTC | PKT ErrorMsg rtype= ERROR
2025-10-07 00:25:03 UTC | Starting live stream; dataset=GLBX.MDP3 schema=ohlcv-1m sym= CME.NQZ5
2025-10-07 00:25:04 UTC | PKT ErrorMsg rtype= ERROR
2025-10-07 00:25:07 UTC | Starting live stream; dataset=GLBX.MDP3 schema=ohlcv-1m sym= CME.NQZ5
2025-10-07 00:25:08 UTC | PKT ErrorMsg rtype= ERROR
2025-10-07 00:25:12 UTC | Starting live stream; dataset=GLBX.MDP3 schema=ohlcv-1m sym= CME.NQZ5
2025-10-07 00:25:13 UTC | PKT ErrorMsg rtype= ERROR
2025-10-07 00:25:16 UTC | Starting live stream; dataset=GLBX.MDP3 schema=ohlcv-1m sym= CME.NQZ5
2025-10-07 00:25:17 UTC | PKT ErrorMsg rtype= ERROR
2025-10-07 00:25:20 UTC | Starting live stream; dataset=GLBX.MDP3 schema=ohlcv-1m sym= CME.NQZ5
2025-10-07 00:25:21 UTC | PKT ErrorMsg rtype= ERROR
2025-10-07 00:25:25 UTC | Starting live stream; dataset=GLBX.MDP3 schema=ohlcv-1m sym= CME.NQZ5
2025-10-07 00:25:25 UTC | PKT ErrorMsg rtype= ERROR
2025-10-07 00:25:29 UTC | Starting live stream; dataset=GLBX.MDP3 schema=ohlcv-1m sym= CME.NQZ5
2025-10-07 00:25:30 UTC | PKT ErrorMsg rtype= ERROR
2025-10-07 00:25:34 UTC | Starting live stream; dataset=GLBX.MDP3 schema=ohlcv-1m sym= CME.NQZ5
2025-10-07 00:25:34 UTC | PKT ErrorMsg rtype= ERROR
2025-10-07 00:25:38 UTC | Starting live stream; dataset=GLBX.MDP3 schema=ohlcv-1m sym= CME.NQZ5
2025-10-07 00:25:39 UTC | PKT ErrorMsg rtype= ERROR
2025-10-07 00:25:43 UTC | Starting live stream; dataset=GLBX.MDP3 schema=ohlcv-1m sym= CME.NQZ5
2025-10-07 00:25:44 UTC | PKT ErrorMsg rtype= ERROR
2025-10-07 00:25:47 UTC | Starting live stream; dataset=GLBX.MDP3 schema=ohlcv-1m sym= CME.NQZ5
2025-10-07 00:25:48 UTC | PKT ErrorMsg rtype= ERROR
2025-10-07 00:25:52 UTC | Starting live stream; dataset=GLBX.MDP3 schema=ohlcv-1m sym= CME.NQZ5
2025-10-07 00:25:52 UTC | PKT ErrorMsg rtype= ERROR
2025-10-07 00:25:56 UTC | Starting live stream; dataset=GLBX.MDP3 schema=ohlcv-1m sym= CME.NQZ5
2025-10-07 00:25:57 UTC | PKT ErrorMsg rtype= ERROR
2025-10-07 00:26:00 UTC | Starting live stream; dataset=GLBX.MDP3 schema=ohlcv-1m sym= CME.NQZ5
2025-10-07 00:26:01 UTC | PKT ErrorMsg rtype= ERROR
2025-10-07 00:26:05 UTC | Starting live stream; dataset=GLBX.MDP3 schema=ohlcv-1m sym= CME.NQZ5
2025-10-07 00:26:06 UTC | PKT ErrorMsg rtype= ERROR
2025-10-07 00:26:10 UTC | Starting live stream; dataset=GLBX.MDP3 schema=ohlcv-1m sym= CME.NQZ5
2025-10-07 00:26:10 UTC | PKT ErrorMsg rtype= ERROR
2025-10-07 00:26:14 UTC | Starting live stream; dataset=GLBX.MDP3 schema=ohlcv-1m sym= CME.NQZ5
2025-10-07 00:26:14 UTC | PKT ErrorMsg rtype= ERROR
2025-10-07 00:26:18 UTC | Starting live stream; dataset=GLBX.MDP3 schema=ohlcv-1m sym= CME.NQZ5
2025-10-07 00:26:18 UTC | PKT ErrorMsg rtype= ERROR
2025-10-07 00:26:22 UTC | Starting live stream; dataset=GLBX.MDP3 schema=ohlcv-1m sym= CME.NQZ5
2025-10-07 00:26:22 UTC | PKT ErrorMsg rtype= ERROR
2025-10-07 00:26:26 UTC | Starting live stream; dataset=GLBX.MDP3 schema=ohlcv-1m sym= CME.NQZ5
2025-10-07 00:26:26 UTC | PKT ErrorMsg rtype= ERROR
2025-10-07 00:26:30 UTC | Starting live stream; dataset=GLBX.MDP3 schema=ohlcv-1m sym= CME.NQZ5
2025-10-07 00:26:31 UTC | PKT ErrorMsg rtype= ERROR
2025-10-07 00:26:35 UTC | Starting live stream; dataset=GLBX.MDP3 schema=ohlcv-1m sym= CME.NQZ5
2025-10-07 00:26:36 UTC | PKT ErrorMsg rtype= ERROR
2025-10-07 00:26:39 UTC | Starting live stream; dataset=GLBX.MDP3 schema=ohlcv-1m sym= CME.NQZ5
2025-10-07 00:26:40 UTC | PKT ErrorMsg rtype= ERROR
2025-10-07 00:26:44 UTC | Starting live stream; dataset=GLBX.MDP3 schema=ohlcv-1m sym= CME.NQZ5
2025-10-07 00:26:44 UTC | PKT ErrorMsg rtype= ERROR
2025-10-07 00:26:48 UTC | Starting live stream; dataset=GLBX.MDP3 schema=ohlcv-1m sym= CME.NQZ5
2025-10-07 00:26:49 UTC | PKT ErrorMsg rtype= ERROR
2025-10-07 00:26:53 UTC | Starting live stream; dataset=GLBX.MDP3 schema=ohlcv-1m sym= CME.NQZ5
2025-10-07 00:26:54 UTC | PKT ErrorMsg rtype= ERROR
2025-10-07 00:26:57 UTC | Starting live stream; dataset=GLBX.MDP3 schema=ohlcv-1m sym= CME.NQZ5
2025-10-07 00:26:58 UTC | PKT ErrorMsg rtype= ERROR
2025-10-07 00:27:02 UTC | Starting live stream; dataset=GLBX.MDP3 schema=ohlcv-1m sym= CME.NQZ5
2025-10-07 00:27:02 UTC | PKT ErrorMsg rtype= ERROR
2025-10-07 00:27:06 UTC | Starting live stream; dataset=GLBX.MDP3 schema=ohlcv-1m sym= CME.NQZ5
2025-10-07 00:27:07 UTC | PKT ErrorMsg rtype= ERROR
2025-10-07 00:27:11 UTC | Starting live stream; dataset=GLBX.MDP3 schema=ohlcv-1m sym= CME.NQZ5
2025-10-07 00:27:11 UTC | PKT ErrorMsg rtype= ERROR
2025-10-07 00:27:15 UTC | Starting live stream; dataset=GLBX.MDP3 schema=ohlcv-1m sym= CME.NQZ5
2025-10-07 00:27:15 UTC | PKT ErrorMsg rtype= ERROR
2025-10-07 00:27:19 UTC | Starting live stream; dataset=GLBX.MDP3 schema=ohlcv-1m sym= CME.NQZ5
2025-10-07 00:27:19 UTC | PKT ErrorMsg rtype= ERROR
2025-10-07 00:27:23 UTC | Starting live stream; dataset=GLBX.MDP3 schema=ohlcv-1m sym= CME.NQZ5
2025-10-07 00:27:24 UTC | PKT ErrorMsg rtype= ERROR
2025-10-07 00:27:27 UTC | Starting live stream; dataset=GLBX.MDP3 schema=ohlcv-1m sym= CME.NQZ5
2025-10-07 00:27:28 UTC | PKT ErrorMsg rtype= ERROR
2025-10-07 00:27:32 UTC | Starting live stream; dataset=GLBX.MDP3 schema=ohlcv-1m sym= CME.NQZ5
2025-10-07 00:27:32 UTC | PKT ErrorMsg rtype= ERROR
2025-10-07 00:27:36 UTC | Starting live stream; dataset=GLBX.MDP3 schema=ohlcv-1m sym= CME.NQZ5
2025-10-07 00:27:36 UTC | PKT ErrorMsg rtype= ERROR
2025-10-07 00:27:40 UTC | Starting live stream; dataset=GLBX.MDP3 schema=ohlcv-1m sym= CME.NQZ5
2025-10-07 00:27:40 UTC | PKT ErrorMsg rtype= ERROR
2025-10-07 00:27:44 UTC | Starting live stream; dataset=GLBX.MDP3 schema=ohlcv-1m sym= CME.NQZ5
2025-10-07 00:27:44 UTC | PKT ErrorMsg rtype= ERROR
2025-10-07 00:27:48 UTC | Starting live stream; dataset=GLBX.MDP3 schema=ohlcv-1m sym= CME.NQZ5
2025-10-07 00:27:48 UTC | PKT ErrorMsg rtype= ERROR
2025-10-07 00:27:52 UTC | Starting live stream; dataset=GLBX.MDP3 schema=ohlcv-1m sym= CME.NQZ5
2025-10-07 00:27:52 UTC | PKT ErrorMsg rtype= ERROR
2025-10-07 00:27:56 UTC | Starting live stream; dataset=GLBX.MDP3 schema=ohlcv-1m sym= CME.NQZ5
2025-10-07 00:27:57 UTC | PKT ErrorMsg rtype= ERROR
2025-10-07 00:28:00 UTC | Starting live stream; dataset=GLBX.MDP3 schema=ohlcv-1m sym= CME.NQZ5
2025-10-07 00:28:02 UTC | PKT ErrorMsg rtype= ERROR
2025-10-07 00:28:05 UTC | Starting live stream; dataset=GLBX.MDP3 schema=ohlcv-1m sym= CME.NQZ5
2025-10-07 00:28:06 UTC | PKT ErrorMsg rtype= ERROR
2025-10-07 00:28:10 UTC | Starting live stream; dataset=GLBX.MDP3 schema=ohlcv-1m sym= CME.NQZ5
2025-10-07 00:28:10 UTC | PKT ErrorMsg rtype= ERROR
2025-10-07 00:28:14 UTC | Starting live stream; dataset=GLBX.MDP3 schema=ohlcv-1m sym= CME.NQZ5
2025-10-07 00:28:14 UTC | PKT ErrorMsg rtype= ERROR
2025-10-07 00:28:18 UTC | Starting live stream; dataset=GLBX.MDP3 schema=ohlcv-1m sym= CME.NQZ5
2025-10-07 00:28:18 UTC | PKT ErrorMsg rtype= ERROR
2025-10-07 00:28:22 UTC | Starting live stream; dataset=GLBX.MDP3 schema=ohlcv-1m sym= CME.NQZ5
2025-10-07 00:28:22 UTC | PKT ErrorMsg rtype= ERROR
2025-10-07 00:28:26 UTC | Starting live stream; dataset=GLBX.MDP3 schema=ohlcv-1m sym= CME.NQZ5
2025-10-07 00:28:26 UTC | PKT ErrorMsg rtype= ERROR
2025-10-07 00:28:30 UTC | Starting live stream; dataset=GLBX.MDP3 schema=ohlcv-1m sym= CME.NQZ5
2025-10-07 00:28:31 UTC | PKT ErrorMsg rtype= ERROR
2025-10-07 00:28:34 UTC | Starting live stream; dataset=GLBX.MDP3 schema=ohlcv-1m sym= CME.NQZ5
2025-10-07 00:28:36 UTC | PKT ErrorMsg rtype= ERROR
2025-10-07 00:28:39 UTC | Starting live stream; dataset=GLBX.MDP3 schema=ohlcv-1m sym= CME.NQZ5
2025-10-07 00:28:40 UTC | PKT ErrorMsg rtype= ERROR
2025-10-07 00:28:43 UTC | Starting live stream; dataset=GLBX.MDP3 schema=ohlcv-1m sym= CME.NQZ5
2025-10-07 00:28:45 UTC | PKT ErrorMsg rtype= ERROR
2025-10-07 00:28:48 UTC | Starting live stream; dataset=GLBX.MDP3 schema=ohlcv-1m sym= NQZ5
2025-10-07 00:28:49 UTC | PKT SystemMsg rtype= SYSTEM
2025-10-07 00:28:49 UTC | PKT SymbolMappingMsg rtype= SYMBOL_MAPPING
2025-10-07 00:29:00 UTC | PKT OHLCVMsg rtype= OHLCV_1M
2025-10-07 00:29:00 UTC | PKT SystemMsg rtype= SYSTEM
2025-10-07 00:29:01 UTC | Starting live stream; dataset=GLBX.MDP3 schema=ohlcv-1m sym= NQZ5
2025-10-07 00:29:02 UTC | PKT SystemMsg rtype= SYSTEM
2025-10-07 00:29:02 UTC | PKT SymbolMappingMsg rtype= SYMBOL_MAPPING
2025-10-07 00:29:32 UTC | PKT SystemMsg rtype= SYSTEM
2025-10-07 00:30:00 UTC | PKT OHLCVMsg rtype= OHLCV_1M
2025-10-07 00:30:00 UTC | PKT SystemMsg rtype= SYSTEM
2025-10-07 00:30:30 UTC | PKT SystemMsg rtype= SYSTEM
2025-10-07 00:31:00 UTC | PKT OHLCVMsg rtype= OHLCV_1M
2025-10-07 00:31:00 UTC | PKT SystemMsg rtype= SYSTEM
2025-10-07 00:31:30 UTC | PKT SystemMsg rtype= SYSTEM
2025-10-07 00:32:00 UTC | PKT OHLCVMsg rtype= OHLCV_1M
2025-10-07 00:32:00 UTC | PKT SystemMsg rtype= SYSTEM
2025-10-07 00:32:30 UTC | PKT SystemMsg rtype= SYSTEM
2025-10-07 00:33:00 UTC | PKT OHLCVMsg rtype= OHLCV_1M
2025-10-07 00:33:00 UTC | PKT SystemMsg rtype= SYSTEM
2025-10-07 00:33:30 UTC | PKT SystemMsg rtype= SYSTEM
2025-10-07 00:34:00 UTC | PKT OHLCVMsg rtype= OHLCV_1M
2025-10-07 00:34:00 UTC | PKT SystemMsg rtype= SYSTEM
2025-10-07 00:34:30 UTC | PKT SystemMsg rtype= SYSTEM
2025-10-07 00:35:00 UTC | PKT OHLCVMsg rtype= OHLCV_1M
2025-10-07 00:35:00 UTC | PKT SystemMsg rtype= SYSTEM
2025-10-07 00:35:30 UTC | PKT SystemMsg rtype= SYSTEM
2025-10-07 00:36:00 UTC | PKT OHLCVMsg rtype= OHLCV_1M
2025-10-07 00:36:00 UTC | PKT SystemMsg rtype= SYSTEM
2025-10-07 00:36:30 UTC | PKT SystemMsg rtype= SYSTEM
2025-10-07 00:37:00 UTC | PKT OHLCVMsg rtype= OHLCV_1M
2025-10-07 00:37:00 UTC | PKT SystemMsg rtype= SYSTEM
2025-10-07 00:37:30 UTC | PKT SystemMsg rtype= SYSTEM
2025-10-07 00:38:00 UTC | PKT OHLCVMsg rtype= OHLCV_1M
2025-10-07 00:38:00 UTC | PKT SystemMsg rtype= SYSTEM
2025-10-07 00:38:30 UTC | PKT SystemMsg rtype= SYSTEM
2025-10-07 00:39:00 UTC | PKT OHLCVMsg rtype= OHLCV_1M
2025-10-07 00:39:00 UTC | PKT SystemMsg rtype= SYSTEM
2025-10-07 00:39:30 UTC | PKT SystemMsg rtype= SYSTEM
2025-10-07 00:40:00 UTC | PKT OHLCVMsg rtype= OHLCV_1M
2025-10-07 00:40:00 UTC | PKT SystemMsg rtype= SYSTEM
2025-10-07 00:40:30 UTC | PKT SystemMsg rtype= SYSTEM
2025-10-07 00:41:00 UTC | PKT OHLCVMsg rtype= OHLCV_1M
2025-10-07 00:41:00 UTC | PKT SystemMsg rtype= SYSTEM
2025-10-07 00:41:30 UTC | PKT SystemMsg rtype= SYSTEM
2025-10-07 00:42:00 UTC | PKT OHLCVMsg rtype= OHLCV_1M
2025-10-07 00:42:00 UTC | PKT SystemMsg rtype= SYSTEM
2025-10-07 00:42:30 UTC | PKT SystemMsg rtype= SYSTEM
2025-10-07 00:43:00 UTC | PKT OHLCVMsg rtype= OHLCV_1M
2025-10-07 00:43:00 UTC | PKT SystemMsg rtype= SYSTEM
2025-10-07 00:43:30 UTC | PKT SystemMsg rtype= SYSTEM
2025-10-07 00:43:52 UTC | Starting live stream; dataset=GLBX.MDP3 schema=ohlcv-1m sym= NQZ5 stype_in=raw_symbol
2025-10-07 00:43:52 UTC | PKT SystemMsg rtype= SYSTEM
2025-10-07 00:43:52 UTC | PKT SymbolMappingMsg rtype= SYMBOL_MAPPING
2025-10-07 00:43:58 UTC | Starting live stream; dataset=GLBX.MDP3 schema=ohlcv-1m sym= NQZ5 stype_in=raw_symbol
2025-10-07 00:43:59 UTC | PKT SystemMsg rtype= SYSTEM
2025-10-07 00:43:59 UTC | PKT SymbolMappingMsg rtype= SYMBOL_MAPPING
2025-10-07 00:44:00 UTC | PKT OHLCVMsg rtype= OHLCV_1M
2025-10-07 00:44:00 UTC | APPEND 1 rows last_ts= 2025-10-07T00:43:00+0000
2025-10-07 00:44:00 UTC | PKT SystemMsg rtype= SYSTEM
2025-10-07 00:44:30 UTC | PKT SystemMsg rtype= SYSTEM
2025-10-07 00:45:00 UTC | PKT OHLCVMsg rtype= OHLCV_1M
2025-10-07 00:45:00 UTC | APPEND 1 rows last_ts= 2025-10-07T00:44:00+0000
2025-10-07 00:45:00 UTC | PKT SystemMsg rtype= SYSTEM
2025-10-07 00:45:30 UTC | PKT SystemMsg rtype= SYSTEM
2025-10-07 00:46:00 UTC | PKT OHLCVMsg rtype= OHLCV_1M
2025-10-07 00:46:00 UTC | APPEND 1 rows last_ts= 2025-10-07T00:45:00+0000
2025-10-07 00:46:00 UTC | PKT SystemMsg rtype= SYSTEM
2025-10-07 00:46:30 UTC | PKT SystemMsg rtype= SYSTEM
2025-10-07 00:47:00 UTC | PKT OHLCVMsg rtype= OHLCV_1M
2025-10-07 00:47:00 UTC | APPEND 1 rows last_ts= 2025-10-07T00:46:00+0000
2025-10-07 00:47:00 UTC | PKT SystemMsg rtype= SYSTEM
2025-10-07 00:47:06 UTC | Starting live stream; dataset=GLBX.MDP3 schema=ohlcv-1m sym=NQZ5 stype_in=raw_symbol
2025-10-07 00:47:12 UTC | Starting live stream; dataset=GLBX.MDP3 schema=ohlcv-1m sym=NQZ5 stype_in=raw_symbol
2025-10-07 00:48:00 UTC | APPEND 1 rows last_ts= 2025-10-07T00:47:00+0000
2025-10-07 00:49:00 UTC | APPEND 1 rows last_ts= 2025-10-07T00:48:00+0000
2025-10-07 00:50:00 UTC | APPEND 1 rows last_ts= 2025-10-07T00:49:00+0000
2025-10-07 00:51:00 UTC | APPEND 1 rows last_ts= 2025-10-07T00:50:00+0000
2025-10-07 00:52:00 UTC | APPEND 1 rows last_ts= 2025-10-07T00:51:00+0000
2025-10-07 00:53:00 UTC | APPEND 1 rows last_ts= 2025-10-07T00:52:00+0000
2025-10-07 00:54:00 UTC | APPEND 1 rows last_ts= 2025-10-07T00:53:00+0000
2025-10-07 00:55:00 UTC | APPEND 1 rows last_ts= 2025-10-07T00:54:00+0000
2025-10-07 00:56:00 UTC | APPEND 1 rows last_ts= 2025-10-07T00:55:00+0000
2025-10-07 00:57:00 UTC | APPEND 1 rows last_ts= 2025-10-07T00:56:00+0000
2025-10-07 00:58:00 UTC | APPEND 1 rows last_ts= 2025-10-07T00:57:00+0000
2025-10-07 00:58:11 UTC | Starting live stream; dataset=GLBX.MDP3 schema=ohlcv-1m sym=NQZ5 stype_in=raw_symbol
2025-10-07 00:58:22 UTC | Starting live stream; dataset=GLBX.MDP3 schema=ohlcv-1m sym=NQZ5 stype_in=raw_symbol
2025-10-07 00:59:00 UTC | APPEND 1 rows div= 10000000000.0 last_ts= 2025-10-07T00:58:00+0000
2025-10-07 01:00:00 UTC | APPEND 1 rows div= 10000000000.0 last_ts= 2025-10-07T00:59:00+0000
2025-10-07 01:00:51 UTC | Starting live stream; dataset=GLBX.MDP3 schema=ohlcv-1m sym=NQZ5 stype_in=raw_symbol
2025-10-07 01:01:00 UTC | APPEND 1 rows div= 10000000000.0 last_ts= 2025-10-07T01:00:00+0000
2025-10-07 01:02:00 UTC | APPEND 1 rows div= 10000000000.0 last_ts= 2025-10-07T01:01:00+0000
2025-10-07 01:03:00 UTC | APPEND 1 rows div= 10000000000.0 last_ts= 2025-10-07T01:02:00+0000
2025-10-07 01:04:00 UTC | APPEND 1 rows div= 10000000000.0 last_ts= 2025-10-07T01:03:00+0000
2025-10-07 01:05:00 UTC | APPEND 1 rows div= 10000000000.0 last_ts= 2025-10-07T01:04:00+0000
2025-10-07 01:06:00 UTC | APPEND 1 rows div= 10000000000.0 last_ts= 2025-10-07T01:05:00+0000
2025-10-07 01:07:00 UTC | APPEND 1 rows div= 10000000000.0 last_ts= 2025-10-07T01:06:00+0000
2025-10-07 01:08:00 UTC | APPEND 1 rows div= 10000000000.0 last_ts= 2025-10-07T01:07:00+0000
2025-10-07 01:09:00 UTC | APPEND 1 rows div= 10000000000.0 last_ts= 2025-10-07T01:08:00+0000
2025-10-07 01:10:00 UTC | APPEND 1 rows div= 10000000000.0 last_ts= 2025-10-07T01:09:00+0000
2025-10-07 01:11:00 UTC | APPEND 1 rows div= 10000000000.0 last_ts= 2025-10-07T01:10:00+0000
2025-10-07 01:12:00 UTC | APPEND 1 rows div= 10000000000.0 last_ts= 2025-10-07T01:11:00+0000
2025-10-07 01:13:00 UTC | APPEND 1 rows div= 10000000000.0 last_ts= 2025-10-07T01:12:00+0000
2025-10-07 01:14:00 UTC | APPEND 1 rows div= 10000000000.0 last_ts= 2025-10-07T01:13:00+0000
2025-10-07 01:15:00 UTC | APPEND 1 rows div= 10000000000.0 last_ts= 2025-10-07T01:14:00+0000
2025-10-07 01:16:00 UTC | APPEND 1 rows div= 10000000000.0 last_ts= 2025-10-07T01:15:00+0000
2025-10-07 01:17:00 UTC | APPEND 1 rows div= 10000000000.0 last_ts= 2025-10-07T01:16:00+0000
2025-10-07 01:18:00 UTC | APPEND 1 rows div= 10000000000.0 last_ts= 2025-10-07T01:17:00+0000
2025-10-07 01:19:00 UTC | APPEND 1 rows div= 10000000000.0 last_ts= 2025-10-07T01:18:00+0000
2025-10-07 01:19:14 UTC | Starting live stream; dataset=GLBX.MDP3 schema=ohlcv-1m sym=NQZ5 stype_in=raw_symbol
2025-10-07 01:20:00 UTC | APPEND 1 rows div= 10000000000.0 last_ts= 2025-10-07T01:19:00+0000
2025-10-07 01:21:00 UTC | APPEND 1 rows div= 10000000000.0 last_ts= 2025-10-07T01:20:00+0000
2025-10-07 01:21:26 UTC | Starting live stream; dataset=GLBX.MDP3 schema=ohlcv-1m sym=NQZ5 stype_in=raw_symbol
2025-10-07 01:22:00 UTC | APPEND 1 rows div= 10000000000.0 last_ts= 2025-10-07T01:21:00+0000
2025-10-07 01:22:13 UTC | Starting live stream; dataset=GLBX.MDP3 schema=ohlcv-1m sym=NQZ5 stype_in=raw_symbol
2025-10-07 01:23:00 UTC | APPEND 1 rows div= 10000000000.0 last_ts= 2025-10-07T01:22:00+0000
2025-10-07 01:24:00 UTC | APPEND 1 rows div= 10000000000.0 last_ts= 2025-10-07T01:23:00+0000
2025-10-07 01:25:00 UTC | APPEND 1 rows div= 10000000000.0 last_ts= 2025-10-07T01:24:00+0000
2025-10-07 01:26:00 UTC | APPEND 1 rows div= 10000000000.0 last_ts= 2025-10-07T01:25:00+0000
2025-10-07 01:27:00 UTC | APPEND 1 rows div= 10000000000.0 last_ts= 2025-10-07T01:26:00+0000
2025-10-07 01:28:00 UTC | APPEND 1 rows div= 10000000000.0 last_ts= 2025-10-07T01:27:00+0000
2025-10-07 01:28:26 UTC | Starting live stream; dataset=GLBX.MDP3 schema=ohlcv-1m sym=NQZ5 stype_in=raw_symbol
2025-10-07 01:29:00 UTC | APPEND 1 rows div= 10000000000.0 last_ts= 2025-10-07T01:28:00+0000
2025-10-07 01:30:00 UTC | APPEND 1 rows div= 10000000000.0 last_ts= 2025-10-07T01:29:00+0000
2025-10-07 01:31:00 UTC | APPEND 1 rows div= 10000000000.0 last_ts= 2025-10-07T01:30:00+0000
2025-10-07 01:32:00 UTC | APPEND 1 rows div= 10000000000.0 last_ts= 2025-10-07T01:31:00+0000
2025-10-07 01:33:00 UTC | APPEND 1 rows div= 10000000000.0 last_ts= 2025-10-07T01:32:00+0000
2025-10-07 01:34:00 UTC | APPEND 1 rows div= 10000000000.0 last_ts= 2025-10-07T01:33:00+0000
2025-10-07 01:35:00 UTC | APPEND 1 rows div= 10000000000.0 last_ts= 2025-10-07T01:34:00+0000
2025-10-07 01:35:51 UTC | Starting live stream; dataset=GLBX.MDP3 schema=ohlcv-1m sym=NQZ5 stype_in=raw_symbol
2025-10-07 01:36:00 UTC | APPEND 1 rows div= 10000000000.0 last_ts= 2025-10-07T01:35:00+0000
2025-10-07 01:37:00 UTC | APPEND 1 rows div= 10000000000.0 last_ts= 2025-10-07T01:36:00+0000
2025-10-07 01:38:00 UTC | APPEND 1 rows div= 10000000000.0 last_ts= 2025-10-07T01:37:00+0000
2025-10-07 01:39:00 UTC | APPEND 1 rows div= 10000000000.0 last_ts= 2025-10-07T01:38:00+0000
2025-10-07 01:40:00 UTC | APPEND 1 rows div= 10000000000.0 last_ts= 2025-10-07T01:39:00+0000
2025-10-07 01:41:00 UTC | APPEND 1 rows div= 10000000000.0 last_ts= 2025-10-07T01:40:00+0000
2025-10-07 01:42:00 UTC | APPEND 1 rows div= 10000000000.0 last_ts= 2025-10-07T01:41:00+0000
2025-10-07 01:43:00 UTC | APPEND 1 rows div= 10000000000.0 last_ts= 2025-10-07T01:42:00+0000
2025-10-07 01:44:00 UTC | APPEND 1 rows div= 10000000000.0 last_ts= 2025-10-07T01:43:00+0000
2025-10-07 01:45:00 UTC | APPEND 1 rows div= 10000000000.0 last_ts= 2025-10-07T01:44:00+0000
2025-10-07 01:46:00 UTC | APPEND 1 rows div= 10000000000.0 last_ts= 2025-10-07T01:45:00+0000
2025-10-07 01:46:39 UTC | Starting live stream; dataset=GLBX.MDP3 schema=ohlcv-1m sym=NQZ5 stype_in=raw_symbol
2025-10-07 01:47:00 UTC | APPEND 1 rows div= 10000000000.0 last_ts= 2025-10-07T01:46:00+0000
2025-10-07 01:48:00 UTC | APPEND 1 rows div= 10000000000.0 last_ts= 2025-10-07T01:47:00+0000
2025-10-07 01:49:00 UTC | APPEND 1 rows div= 10000000000.0 last_ts= 2025-10-07T01:48:00+0000
2025-10-07 01:50:00 UTC | APPEND 1 rows div= 10000000000.0 last_ts= 2025-10-07T01:49:00+0000
2025-10-07 01:51:00 UTC | APPEND 1 rows div= 10000000000.0 last_ts= 2025-10-07T01:50:00+0000
2025-10-07 01:52:00 UTC | APPEND 1 rows div= 10000000000.0 last_ts= 2025-10-07T01:51:00+0000
2025-10-07 01:53:00 UTC | APPEND 1 rows div= 10000000000.0 last_ts= 2025-10-07T01:52:00+0000
2025-10-07 01:53:19 UTC | Starting live stream; dataset=GLBX.MDP3 schema=ohlcv-1m sym=NQZ5 stype_in=raw_symbol
2025-10-07 01:53:20 UTC | Starting live stream; dataset=GLBX.MDP3 schema=ohlcv-1m sym=NQZ5 stype_in=raw_symbol
2025-10-07 01:54:00 UTC | APPEND 1 rows div= 10000000000.0 last_ts= 2025-10-07T01:53:00+0000
2025-10-07 01:55:00 UTC | APPEND 1 rows div= 10000000000.0 last_ts= 2025-10-07T01:54:00+0000
2025-10-07 01:56:00 UTC | APPEND 1 rows div= 10000000000.0 last_ts= 2025-10-07T01:55:00+0000
2025-10-07 01:57:00 UTC | APPEND 1 rows div= 10000000000.0 last_ts= 2025-10-07T01:56:00+0000
2025-10-07 01:58:00 UTC | APPEND 1 rows div= 10000000000.0 last_ts= 2025-10-07T01:57:00+0000
2025-10-07 01:59:00 UTC | APPEND 1 rows div= 10000000000.0 last_ts= 2025-10-07T01:58:00+0000
2025-10-07 02:00:00 UTC | APPEND 1 rows div= 10000000000.0 last_ts= 2025-10-07T01:59:00+0000
2025-10-07 02:00:22 UTC | Starting live stream; dataset=GLBX.MDP3 schema=ohlcv-1m sym=NQZ5 stype_in=raw_symbol
2025-10-07 02:00:23 UTC | Starting live stream; dataset=GLBX.MDP3 schema=ohlcv-1m sym=NQZ5 stype_in=raw_symbol
2025-10-07 02:01:00 UTC | APPEND 1 rows div= 10000000000.0 last_ts= 2025-10-07T02:00:00+0000
2025-10-07 02:02:00 UTC | APPEND 1 rows div= 10000000000.0 last_ts= 2025-10-07T02:01:00+0000
2025-10-07 02:03:00 UTC | APPEND 1 rows div= 10000000000.0 last_ts= 2025-10-07T02:02:00+0000
2025-10-07 02:04:00 UTC | APPEND 1 rows div= 10000000000.0 last_ts= 2025-10-07T02:03:00+0000
2025-10-07 02:05:00 UTC | APPEND 1 rows div= 10000000000.0 last_ts= 2025-10-07T02:04:00+0000
2025-10-07 02:06:00 UTC | APPEND 1 rows div= 10000000000.0 last_ts= 2025-10-07T02:05:00+0000
2025-10-07 02:07:00 UTC | APPEND 1 rows div= 10000000000.0 last_ts= 2025-10-07T02:06:00+0000
2025-10-07 02:08:00 UTC | APPEND 1 rows div= 10000000000.0 last_ts= 2025-10-07T02:07:00+0000
2025-10-07 02:08:15 UTC | Starting live stream; dataset=GLBX.MDP3 schema=ohlcv-1m sym=NQZ5 stype_in=raw_symbol
2025-10-07 02:08:16 UTC | Starting live stream; dataset=GLBX.MDP3 schema=ohlcv-1m sym=NQZ5 stype_in=raw_symbol
2025-10-07 02:09:00 UTC | ERROR Traceback (most recent call last):
  File "/opt/sb-watchbot/scripts/live_stream_nq.py", line 85, in main
    append_rows(df)
  File "/opt/sb-watchbot/scripts/live_stream_nq.py", line 55, in append_rows
    d = DIVISOR if scale_source is not None else 1.0
NameError: name 'DIVISOR' is not defined

2025-10-07 02:10:00 UTC | ERROR Traceback (most recent call last):
  File "/opt/sb-watchbot/scripts/live_stream_nq.py", line 85, in main
    append_rows(df)
  File "/opt/sb-watchbot/scripts/live_stream_nq.py", line 55, in append_rows
    d = DIVISOR if scale_source is not None else 1.0
NameError: name 'DIVISOR' is not defined

2025-10-07 02:11:00 UTC | ERROR Traceback (most recent call last):
  File "/opt/sb-watchbot/scripts/live_stream_nq.py", line 85, in main
    append_rows(df)
  File "/opt/sb-watchbot/scripts/live_stream_nq.py", line 55, in append_rows
    d = DIVISOR if scale_source is not None else 1.0
NameError: name 'DIVISOR' is not defined

2025-10-07 02:12:00 UTC | ERROR Traceback (most recent call last):
  File "/opt/sb-watchbot/scripts/live_stream_nq.py", line 85, in main
    append_rows(df)
  File "/opt/sb-watchbot/scripts/live_stream_nq.py", line 55, in append_rows
    d = DIVISOR if scale_source is not None else 1.0
NameError: name 'DIVISOR' is not defined

2025-10-07 02:13:00 UTC | ERROR Traceback (most recent call last):
  File "/opt/sb-watchbot/scripts/live_stream_nq.py", line 85, in main
    append_rows(df)
  File "/opt/sb-watchbot/scripts/live_stream_nq.py", line 55, in append_rows
    d = DIVISOR if scale_source is not None else 1.0
NameError: name 'DIVISOR' is not defined

2025-10-07 02:14:00 UTC | ERROR Traceback (most recent call last):
  File "/opt/sb-watchbot/scripts/live_stream_nq.py", line 85, in main
    append_rows(df)
  File "/opt/sb-watchbot/scripts/live_stream_nq.py", line 55, in append_rows
    d = DIVISOR if scale_source is not None else 1.0
NameError: name 'DIVISOR' is not defined

2025-10-07 02:15:00 UTC | ERROR Traceback (most recent call last):
  File "/opt/sb-watchbot/scripts/live_stream_nq.py", line 85, in main
    append_rows(df)
  File "/opt/sb-watchbot/scripts/live_stream_nq.py", line 55, in append_rows
    d = DIVISOR if scale_source is not None else 1.0
NameError: name 'DIVISOR' is not defined

2025-10-07 02:21:58 UTC | Starting live stream; dataset=GLBX.MDP3 schema=ohlcv-1m sym=NQZ5 stype_in=raw_symbol
2025-10-07 02:22:00 UTC | APPEND 1 rows div= 1000000000.0 last_ts= 2025-10-07T02:21:00+0000
2025-10-07 02:22:38 UTC | Starting live stream; dataset=GLBX.MDP3 schema=ohlcv-1m sym=NQZ5 stype_in=raw_symbol
2025-10-07 02:22:39 UTC | Starting live stream; dataset=GLBX.MDP3 schema=ohlcv-1m sym=NQZ5 stype_in=raw_symbol
2025-10-07 02:23:00 UTC | APPEND 1 rows div= 1000000000.0 last_ts= 2025-10-07T02:22:00+0000
2025-10-07 02:24:00 UTC | APPEND 1 rows div= 1000000000.0 last_ts= 2025-10-07T02:23:00+0000
